<?xml version="1.0" encoding="UTF-8"?>
<coverage generated="1508545785063" clover="3.2.0">
  <project timestamp="1508545785064" name="All files">
    <metrics statements="25" coveredstatements="25" conditionals="17" coveredconditionals="17" methods="7" coveredmethods="7" elements="49" coveredelements="49" complexity="0" loc="25" ncloc="25" packages="1" files="1" classes="1">
      <file name="EnumHandler.js" path="/home/jay/codeBase/npm/mongoose-type-number-enums/lib/EnumHandler.js">
        <metrics statements="25" coveredstatements="25" conditionals="17" coveredconditionals="17" methods="7" coveredmethods="7"/>
        <line num="1" count="1" type="stmt"/>
        <line num="2" count="7" type="stmt"/>
        <line num="4" count="7" type="stmt"/>
        <line num="5" count="24" type="stmt"/>
        <line num="6" count="11" type="stmt"/>
        <line num="7" count="11" type="cond" truecount="2" falsecount="0"/>
        <line num="8" count="10" type="stmt"/>
        <line num="9" count="24" type="cond" truecount="4" falsecount="0"/>
        <line num="10" count="9" type="stmt"/>
        <line num="13" count="1" type="stmt"/>
        <line num="14" count="1" type="stmt"/>
        <line num="18" count="7" type="stmt"/>
        <line num="19" count="40" type="stmt"/>
        <line num="22" count="7" type="cond" truecount="1" falsecount="0"/>
        <line num="23" count="37" type="cond" truecount="2" falsecount="0"/>
        <line num="24" count="36" type="stmt"/>
        <line num="25" count="36" type="stmt"/>
        <line num="26" count="60" type="cond" truecount="2" falsecount="0"/>
        <line num="27" count="54" type="stmt"/>
        <line num="28" count="54" type="cond" truecount="4" falsecount="0"/>
        <line num="29" count="30" type="stmt"/>
        <line num="31" count="24" type="stmt"/>
        <line num="32" count="24" type="stmt"/>
        <line num="36" count="36" type="cond" truecount="2" falsecount="0"/>
        <line num="37" count="1" type="stmt"/>
      </file>
    </metrics>
  </project>
</coverage>
