{"/home/jay/codeBase/npm/mongoose-type-number-enums/lib/EnumHandler.js": {"path":"/home/jay/codeBase/npm/mongoose-type-number-enums/lib/EnumHandler.js","statementMap":{"0":{"start":{"line":1,"column":0},"end":{"line":39,"column":2}},"1":{"start":{"line":2,"column":16},"end":{"line":2,"column":20}},"2":{"start":{"line":4,"column":26},"end":{"line":16,"column":3}},"3":{"start":{"line":5,"column":4},"end":{"line":15,"column":6}},"4":{"start":{"line":6,"column":31},"end":{"line":6,"column":61}},"5":{"start":{"line":7,"column":6},"end":{"line":14,"column":79}},"6":{"start":{"line":8,"column":8},"end":{"line":12,"column":9}},"7":{"start":{"line":9,"column":10},"end":{"line":11,"column":11}},"8":{"start":{"line":10,"column":12},"end":{"line":10,"column":31}},"9":{"start":{"line":13,"column":8},"end":{"line":13,"column":41}},"10":{"start":{"line":14,"column":13},"end":{"line":14,"column":79}},"11":{"start":{"line":18,"column":35},"end":{"line":20,"column":3}},"12":{"start":{"line":19,"column":4},"end":{"line":19,"column":83}},"13":{"start":{"line":19,"column":52},"end":{"line":19,"column":81}},"14":{"start":{"line":22,"column":2},"end":{"line":38,"column":4}},"15":{"start":{"line":23,"column":4},"end":{"line":37,"column":37}},"16":{"start":{"line":24,"column":17},"end":{"line":24,"column":35}},"17":{"start":{"line":25,"column":6},"end":{"line":35,"column":9}},"18":{"start":{"line":26,"column":8},"end":{"line":34,"column":9}},"19":{"start":{"line":27,"column":25},"end":{"line":27,"column":48}},"20":{"start":{"line":28,"column":10},"end":{"line":33,"column":11}},"21":{"start":{"line":29,"column":12},"end":{"line":29,"column":52}},"22":{"start":{"line":31,"column":31},"end":{"line":31,"column":48}},"23":{"start":{"line":32,"column":12},"end":{"line":32,"column":57}},"24":{"start":{"line":36,"column":6},"end":{"line":36,"column":29}},"25":{"start":{"line":36,"column":16},"end":{"line":36,"column":29}},"26":{"start":{"line":37,"column":11},"end":{"line":37,"column":37}}},"fnMap":{"0":{"name":"EnumHandler","decl":{"start":{"line":1,"column":26},"end":{"line":1,"column":37}},"loc":{"start":{"line":1,"column":45},"end":{"line":39,"column":1}},"line":1},"1":{"name":"(anonymous_1)","decl":{"start":{"line":4,"column":26},"end":{"line":4,"column":27}},"loc":{"start":{"line":4,"column":37},"end":{"line":16,"column":3}},"line":4},"2":{"name":"(anonymous_2)","decl":{"start":{"line":5,"column":11},"end":{"line":5,"column":12}},"loc":{"start":{"line":5,"column":27},"end":{"line":15,"column":5}},"line":5},"3":{"name":"(anonymous_3)","decl":{"start":{"line":18,"column":35},"end":{"line":18,"column":36}},"loc":{"start":{"line":18,"column":50},"end":{"line":20,"column":3}},"line":18},"4":{"name":"(anonymous_4)","decl":{"start":{"line":19,"column":28},"end":{"line":19,"column":29}},"loc":{"start":{"line":19,"column":52},"end":{"line":19,"column":81}},"line":19},"5":{"name":"(anonymous_5)","decl":{"start":{"line":22,"column":24},"end":{"line":22,"column":25}},"loc":{"start":{"line":22,"column":48},"end":{"line":38,"column":3}},"line":22},"6":{"name":"(anonymous_6)","decl":{"start":{"line":25,"column":19},"end":{"line":25,"column":20}},"loc":{"start":{"line":25,"column":28},"end":{"line":35,"column":7}},"line":25}},"branchMap":{"0":{"loc":{"start":{"line":7,"column":6},"end":{"line":14,"column":79}},"type":"if","locations":[{"start":{"line":7,"column":6},"end":{"line":14,"column":79}},{"start":{"line":7,"column":6},"end":{"line":14,"column":79}}],"line":7},"1":{"loc":{"start":{"line":9,"column":10},"end":{"line":11,"column":11}},"type":"if","locations":[{"start":{"line":9,"column":10},"end":{"line":11,"column":11}},{"start":{"line":9,"column":10},"end":{"line":11,"column":11}}],"line":9},"2":{"loc":{"start":{"line":9,"column":14},"end":{"line":9,"column":45}},"type":"binary-expr","locations":[{"start":{"line":9,"column":14},"end":{"line":9,"column":25}},{"start":{"line":9,"column":29},"end":{"line":9,"column":45}}],"line":9},"3":{"loc":{"start":{"line":22,"column":32},"end":{"line":22,"column":43}},"type":"default-arg","locations":[{"start":{"line":22,"column":39},"end":{"line":22,"column":43}}],"line":22},"4":{"loc":{"start":{"line":23,"column":4},"end":{"line":37,"column":37}},"type":"if","locations":[{"start":{"line":23,"column":4},"end":{"line":37,"column":37}},{"start":{"line":23,"column":4},"end":{"line":37,"column":37}}],"line":23},"5":{"loc":{"start":{"line":26,"column":8},"end":{"line":34,"column":9}},"type":"if","locations":[{"start":{"line":26,"column":8},"end":{"line":34,"column":9}},{"start":{"line":26,"column":8},"end":{"line":34,"column":9}}],"line":26},"6":{"loc":{"start":{"line":28,"column":10},"end":{"line":33,"column":11}},"type":"if","locations":[{"start":{"line":28,"column":10},"end":{"line":33,"column":11}},{"start":{"line":28,"column":10},"end":{"line":33,"column":11}}],"line":28},"7":{"loc":{"start":{"line":28,"column":14},"end":{"line":28,"column":61}},"type":"binary-expr","locations":[{"start":{"line":28,"column":14},"end":{"line":28,"column":29}},{"start":{"line":28,"column":33},"end":{"line":28,"column":61}}],"line":28},"8":{"loc":{"start":{"line":36,"column":6},"end":{"line":36,"column":29}},"type":"if","locations":[{"start":{"line":36,"column":6},"end":{"line":36,"column":29}},{"start":{"line":36,"column":6},"end":{"line":36,"column":29}}],"line":36}},"s":{"0":1,"1":7,"2":7,"3":24,"4":11,"5":11,"6":10,"7":24,"8":9,"9":1,"10":1,"11":7,"12":11,"13":40,"14":7,"15":37,"16":36,"17":36,"18":60,"19":54,"20":54,"21":30,"22":24,"23":24,"24":36,"25":6,"26":1},"f":{"0":7,"1":24,"2":11,"3":11,"4":40,"5":37,"6":60},"b":{"0":[10,1],"1":[9,15],"2":[24,23],"3":[7],"4":[36,1],"5":[54,6],"6":[30,24],"7":[54,54],"8":[6,30]},"_coverageSchema":"332fd63041d2c1bcb487cc26dd0d5f7d97098a6c","hash":"dea82786d4a33d4fa1a205085984ee3f9399dce8"}
}
