{"/home/jay/codeBase/npm/mongoose-type-number-enums/index.js": {"path":"/home/jay/codeBase/npm/mongoose-type-number-enums/index.js","statementMap":{"0":{"start":{"line":1,"column":20},"end":{"line":1,"column":43}},"1":{"start":{"line":2,"column":16},"end":{"line":2,"column":40}},"2":{"start":{"line":4,"column":0},"end":{"line":29,"column":2}},"3":{"start":{"line":6,"column":4},"end":{"line":8,"column":29}},"4":{"start":{"line":11,"column":4},"end":{"line":13,"column":6}},"5":{"start":{"line":12,"column":6},"end":{"line":12,"column":59}},"6":{"start":{"line":16,"column":2},"end":{"line":28,"column":4}},"7":{"start":{"line":17,"column":4},"end":{"line":27,"column":5}},"8":{"start":{"line":18,"column":6},"end":{"line":24,"column":49}},"9":{"start":{"line":19,"column":22},"end":{"line":19,"column":42}},"10":{"start":{"line":20,"column":8},"end":{"line":20,"column":73}},"11":{"start":{"line":21,"column":8},"end":{"line":21,"column":47}},"12":{"start":{"line":22,"column":8},"end":{"line":22,"column":48}},"13":{"start":{"line":23,"column":8},"end":{"line":23,"column":24}},"14":{"start":{"line":24,"column":13},"end":{"line":24,"column":49}},"15":{"start":{"line":26,"column":6},"end":{"line":26,"column":37}}},"fnMap":{"0":{"name":"MongooseTypeNumberEnums","decl":{"start":{"line":4,"column":26},"end":{"line":4,"column":49}},"loc":{"start":{"line":4,"column":64},"end":{"line":29,"column":1}},"line":4},"1":{"name":"getNewType","decl":{"start":{"line":10,"column":11},"end":{"line":10,"column":21}},"loc":{"start":{"line":10,"column":33},"end":{"line":14,"column":3}},"line":10},"2":{"name":"newType","decl":{"start":{"line":11,"column":20},"end":{"line":11,"column":27}},"loc":{"start":{"line":11,"column":43},"end":{"line":13,"column":5}},"line":11},"3":{"name":"(anonymous_3)","decl":{"start":{"line":16,"column":25},"end":{"line":16,"column":26}},"loc":{"start":{"line":16,"column":37},"end":{"line":28,"column":3}},"line":16}},"branchMap":{"0":{"loc":{"start":{"line":4,"column":51},"end":{"line":4,"column":62}},"type":"default-arg","locations":[{"start":{"line":4,"column":58},"end":{"line":4,"column":62}}],"line":4},"1":{"loc":{"start":{"line":18,"column":6},"end":{"line":24,"column":49}},"type":"if","locations":[{"start":{"line":18,"column":6},"end":{"line":24,"column":49}},{"start":{"line":18,"column":6},"end":{"line":24,"column":49}}],"line":18}},"s":{"0":1,"1":1,"2":1,"3":2,"4":1,"5":1,"6":2,"7":2,"8":2,"9":1,"10":1,"11":1,"12":1,"13":1,"14":1,"15":1},"f":{"0":2,"1":1,"2":1,"3":2},"b":{"0":[2],"1":[1,1]},"_coverageSchema":"332fd63041d2c1bcb487cc26dd0d5f7d97098a6c","hash":"c091de2f7d90d36a41444f2394b424702f999f54"}
,"/home/jay/codeBase/npm/mongoose-type-number-enums/lib/getCast.js": {"path":"/home/jay/codeBase/npm/mongoose-type-number-enums/lib/getCast.js","statementMap":{"0":{"start":{"line":1,"column":0},"end":{"line":13,"column":2}},"1":{"start":{"line":2,"column":2},"end":{"line":12,"column":4}},"2":{"start":{"line":3,"column":4},"end":{"line":11,"column":34}},"3":{"start":{"line":4,"column":17},"end":{"line":4,"column":28}},"4":{"start":{"line":5,"column":6},"end":{"line":9,"column":43}},"5":{"start":{"line":6,"column":8},"end":{"line":8,"column":9}},"6":{"start":{"line":7,"column":10},"end":{"line":7,"column":48}},"7":{"start":{"line":7,"column":36},"end":{"line":7,"column":48}},"8":{"start":{"line":9,"column":13},"end":{"line":9,"column":43}},"9":{"start":{"line":10,"column":6},"end":{"line":10,"column":35}},"10":{"start":{"line":11,"column":11},"end":{"line":11,"column":34}}},"fnMap":{"0":{"name":"getCast","decl":{"start":{"line":1,"column":26},"end":{"line":1,"column":33}},"loc":{"start":{"line":1,"column":41},"end":{"line":13,"column":1}},"line":1},"1":{"name":"(anonymous_1)","decl":{"start":{"line":2,"column":9},"end":{"line":2,"column":10}},"loc":{"start":{"line":2,"column":24},"end":{"line":12,"column":3}},"line":2}},"branchMap":{"0":{"loc":{"start":{"line":3,"column":4},"end":{"line":11,"column":34}},"type":"if","locations":[{"start":{"line":3,"column":4},"end":{"line":11,"column":34}},{"start":{"line":3,"column":4},"end":{"line":11,"column":34}}],"line":3},"1":{"loc":{"start":{"line":3,"column":8},"end":{"line":3,"column":52}},"type":"binary-expr","locations":[{"start":{"line":3,"column":8},"end":{"line":3,"column":12}},{"start":{"line":3,"column":16},"end":{"line":3,"column":28}},{"start":{"line":3,"column":32},"end":{"line":3,"column":52}}],"line":3},"2":{"loc":{"start":{"line":5,"column":6},"end":{"line":9,"column":43}},"type":"if","locations":[{"start":{"line":5,"column":6},"end":{"line":9,"column":43}},{"start":{"line":5,"column":6},"end":{"line":9,"column":43}}],"line":5},"3":{"loc":{"start":{"line":7,"column":10},"end":{"line":7,"column":48}},"type":"if","locations":[{"start":{"line":7,"column":10},"end":{"line":7,"column":48}},{"start":{"line":7,"column":10},"end":{"line":7,"column":48}}],"line":7}},"s":{"0":2,"1":5,"2":6,"3":4,"4":4,"5":3,"6":6,"7":2,"8":1,"9":1,"10":2},"f":{"0":5,"1":6},"b":{"0":[4,2],"1":[6,6,4],"2":[3,1],"3":[2,4]},"_coverageSchema":"332fd63041d2c1bcb487cc26dd0d5f7d97098a6c","hash":"8ffedced6cf7e1e9723e6e894a3bc3897030ad60"}
}
