TN:
SF:/home/jay/codeBase/npm/mongoose-type-number-enums/index.js
FN:4,MongooseTypeNumberEnums
FN:10,getNewType
FN:11,newType
FN:16,(anonymous_3)
FNF:4
FNH:4
FNDA:2,MongooseTypeNumberEnums
FNDA:1,getNewType
FNDA:1,newType
FNDA:2,(anonymous_3)
DA:1,1
DA:2,1
DA:4,1
DA:6,2
DA:11,1
DA:12,1
DA:16,2
DA:17,2
DA:18,2
DA:19,1
DA:20,1
DA:21,1
DA:22,1
DA:23,1
DA:24,1
DA:26,1
LF:16
LH:16
BRDA:4,0,0,2
BRDA:18,1,0,1
BRDA:18,1,1,1
BRF:3
BRH:3
end_of_record
TN:
SF:/home/jay/codeBase/npm/mongoose-type-number-enums/lib/getCast.js
FN:1,getCast
FN:2,(anonymous_1)
FNF:2
FNH:2
FNDA:5,getCast
FNDA:6,(anonymous_1)
DA:1,2
DA:2,5
DA:3,6
DA:4,4
DA:5,4
DA:6,3
DA:7,6
DA:9,1
DA:10,1
DA:11,2
LF:10
LH:10
BRDA:3,0,0,4
BRDA:3,0,1,2
BRDA:3,1,0,6
BRDA:3,1,1,6
BRDA:3,1,2,4
BRDA:5,2,0,3
BRDA:5,2,1,1
BRDA:7,3,0,2
BRDA:7,3,1,4
BRF:9
BRH:9
end_of_record
