TN:
SF:/home/jay/codeBase/npm/mongoose-type-number-enums/lib/EnumHandler.js
FN:1,EnumHandler
FN:4,(anonymous_1)
FN:5,(anonymous_2)
FN:18,(anonymous_3)
FN:19,(anonymous_4)
FN:22,(anonymous_5)
FN:25,(anonymous_6)
FNF:7
FNH:7
FNDA:7,EnumHandler
FNDA:24,(anonymous_1)
FNDA:11,(anonymous_2)
FNDA:11,(anonymous_3)
FNDA:40,(anonymous_4)
FNDA:37,(anonymous_5)
FNDA:60,(anonymous_6)
DA:1,1
DA:2,7
DA:4,7
DA:5,24
DA:6,11
DA:7,11
DA:8,10
DA:9,24
DA:10,9
DA:13,1
DA:14,1
DA:18,7
DA:19,40
DA:22,7
DA:23,37
DA:24,36
DA:25,36
DA:26,60
DA:27,54
DA:28,54
DA:29,30
DA:31,24
DA:32,24
DA:36,36
DA:37,1
LF:25
LH:25
BRDA:7,0,0,10
BRDA:7,0,1,1
BRDA:9,1,0,9
BRDA:9,1,1,15
BRDA:9,2,0,24
BRDA:9,2,1,23
BRDA:22,3,0,7
BRDA:23,4,0,36
BRDA:23,4,1,1
BRDA:26,5,0,54
BRDA:26,5,1,6
BRDA:28,6,0,30
BRDA:28,6,1,24
BRDA:28,7,0,54
BRDA:28,7,1,54
BRDA:36,8,0,6
BRDA:36,8,1,30
BRF:17
BRH:17
end_of_record
